[1.836s] Invoking command in '/home/felipe/Documents/GitHub/entregaveis-modulo8/Ponderada2/ros2_ws/src/my_robot_controller': PYTHONPATH=/home/felipe/Documents/GitHub/entregaveis-modulo8/Ponderada2/ros2_ws/build/my_robot_controller/prefix_override:/home/felipe/Documents/GitHub/entregaveis-modulo8/Ponderada2/ros2_ws/install/my_robot_controller/lib/python3.10/site-packages:${PYTHONPATH} /usr/bin/python3 setup.py egg_info --egg-base ../../build/my_robot_controller build --build-base /home/felipe/Documents/GitHub/entregaveis-modulo8/Ponderada2/ros2_ws/build/my_robot_controller/build install --record /home/felipe/Documents/GitHub/entregaveis-modulo8/Ponderada2/ros2_ws/build/my_robot_controller/install.log --single-version-externally-managed
[2.422s] running egg_info
[2.423s] writing ../../build/my_robot_controller/my_robot_controller.egg-info/PKG-INFO
[2.424s] writing dependency_links to ../../build/my_robot_controller/my_robot_controller.egg-info/dependency_links.txt
[2.436s] writing entry points to ../../build/my_robot_controller/my_robot_controller.egg-info/entry_points.txt
[2.437s] writing requirements to ../../build/my_robot_controller/my_robot_controller.egg-info/requires.txt
[2.438s] writing top-level names to ../../build/my_robot_controller/my_robot_controller.egg-info/top_level.txt
[2.445s] reading manifest file '../../build/my_robot_controller/my_robot_controller.egg-info/SOURCES.txt'
[2.447s] writing manifest file '../../build/my_robot_controller/my_robot_controller.egg-info/SOURCES.txt'
[2.447s] running build
[2.448s] running build_py
[2.449s] running install
[2.450s] running install_lib
[2.453s] running install_data
[2.454s] running install_egg_info
[2.458s] removing '/home/felipe/Documents/GitHub/entregaveis-modulo8/Ponderada2/ros2_ws/install/my_robot_controller/lib/python3.10/site-packages/my_robot_controller-0.0.0-py3.10.egg-info' (and everything under it)
[2.459s] Copying ../../build/my_robot_controller/my_robot_controller.egg-info to /home/felipe/Documents/GitHub/entregaveis-modulo8/Ponderada2/ros2_ws/install/my_robot_controller/lib/python3.10/site-packages/my_robot_controller-0.0.0-py3.10.egg-info
[2.461s] running install_scripts
[2.508s] Installing go_to_pose_node script to /home/felipe/Documents/GitHub/entregaveis-modulo8/Ponderada2/ros2_ws/install/my_robot_controller/lib/my_robot_controller
[2.508s] Installing set_pose_node script to /home/felipe/Documents/GitHub/entregaveis-modulo8/Ponderada2/ros2_ws/install/my_robot_controller/lib/my_robot_controller
[2.520s] Installing teste script to /home/felipe/Documents/GitHub/entregaveis-modulo8/Ponderada2/ros2_ws/install/my_robot_controller/lib/my_robot_controller
[2.522s] writing list of installed files to '/home/felipe/Documents/GitHub/entregaveis-modulo8/Ponderada2/ros2_ws/build/my_robot_controller/install.log'
[2.579s] Invoked command in '/home/felipe/Documents/GitHub/entregaveis-modulo8/Ponderada2/ros2_ws/src/my_robot_controller' returned '0': PYTHONPATH=/home/felipe/Documents/GitHub/entregaveis-modulo8/Ponderada2/ros2_ws/build/my_robot_controller/prefix_override:/home/felipe/Documents/GitHub/entregaveis-modulo8/Ponderada2/ros2_ws/install/my_robot_controller/lib/python3.10/site-packages:${PYTHONPATH} /usr/bin/python3 setup.py egg_info --egg-base ../../build/my_robot_controller build --build-base /home/felipe/Documents/GitHub/entregaveis-modulo8/Ponderada2/ros2_ws/build/my_robot_controller/build install --record /home/felipe/Documents/GitHub/entregaveis-modulo8/Ponderada2/ros2_ws/build/my_robot_controller/install.log --single-version-externally-managed
