[1.725s] DEBUG:colcon:Command line arguments: ['/usr/bin/colcon', 'build', '--symlink-install']
[1.725s] DEBUG:colcon:Parsed command line arguments: Namespace(log_base=None, log_level=None, verb_name='build', build_base='build', install_base='install', merge_install=False, symlink_install=True, test_result_base=None, continue_on_error=False, executor='parallel', parallel_workers=8, event_handlers=None, ignore_user_meta=False, metas=['./colcon.meta'], base_paths=['.'], packages_ignore=None, packages_ignore_regex=None, paths=None, packages_up_to=None, packages_up_to_regex=None, packages_above=None, packages_above_and_dependencies=None, packages_above_depth=None, packages_select_by_dep=None, packages_skip_by_dep=None, packages_skip_up_to=None, packages_select_build_failed=False, packages_skip_build_finished=False, packages_select_test_failures=False, packages_skip_test_passed=False, packages_select=None, packages_skip=None, packages_select_regex=None, packages_skip_regex=None, packages_start=None, packages_end=None, allow_overriding=[], cmake_args=None, cmake_target=None, cmake_target_skip_unavailable=False, cmake_clean_cache=False, cmake_clean_first=False, cmake_force_configure=False, ament_cmake_args=None, catkin_cmake_args=None, catkin_skip_building_tests=False, verb_parser=<colcon_defaults.argument_parser.defaults.DefaultArgumentsDecorator object at 0x7f3a17517df0>, verb_extension=<colcon_core.verb.build.BuildVerb object at 0x7f3a176c31c0>, main=<bound method BuildVerb.main of <colcon_core.verb.build.BuildVerb object at 0x7f3a176c31c0>>)
[1.805s] Level 1:colcon.colcon_core.package_discovery:discover_packages(colcon_meta) check parameters
[1.805s] Level 1:colcon.colcon_core.package_discovery:discover_packages(recursive) check parameters
[1.805s] Level 1:colcon.colcon_core.package_discovery:discover_packages(ignore) check parameters
[1.805s] Level 1:colcon.colcon_core.package_discovery:discover_packages(path) check parameters
[1.805s] Level 1:colcon.colcon_core.package_discovery:discover_packages(colcon_meta) discover
[1.806s] Level 1:colcon.colcon_core.package_discovery:discover_packages(recursive) discover
[1.806s] INFO:colcon.colcon_core.package_discovery:Crawling recursively for packages in '/home/felipe/Documents/GitHub/entregaveis-modulo8/Ponderada2/ros2_ws'
[1.806s] Level 1:colcon.colcon_core.package_identification:_identify(.) by extensions ['ignore', 'ignore_ament_install']
[1.806s] Level 1:colcon.colcon_core.package_identification:_identify(.) by extension 'ignore'
[1.806s] Level 1:colcon.colcon_core.package_identification:_identify(.) by extension 'ignore_ament_install'
[1.806s] Level 1:colcon.colcon_core.package_identification:_identify(.) by extensions ['colcon_pkg']
[1.806s] Level 1:colcon.colcon_core.package_identification:_identify(.) by extension 'colcon_pkg'
[1.806s] Level 1:colcon.colcon_core.package_identification:_identify(.) by extensions ['colcon_meta']
[1.806s] Level 1:colcon.colcon_core.package_identification:_identify(.) by extension 'colcon_meta'
[1.806s] Level 1:colcon.colcon_core.package_identification:_identify(.) by extensions ['ros']
[1.806s] Level 1:colcon.colcon_core.package_identification:_identify(.) by extension 'ros'
[1.826s] Level 1:colcon.colcon_core.package_identification:_identify(.) by extensions ['cmake', 'python']
[1.826s] Level 1:colcon.colcon_core.package_identification:_identify(.) by extension 'cmake'
[1.826s] Level 1:colcon.colcon_core.package_identification:_identify(.) by extension 'python'
[1.826s] Level 1:colcon.colcon_core.package_identification:_identify(.) by extensions ['python_setup_py']
[1.826s] Level 1:colcon.colcon_core.package_identification:_identify(.) by extension 'python_setup_py'
[1.827s] Level 1:colcon.colcon_core.package_identification:_identify(build) by extensions ['ignore', 'ignore_ament_install']
[1.827s] Level 1:colcon.colcon_core.package_identification:_identify(build) by extension 'ignore'
[1.827s] Level 1:colcon.colcon_core.package_identification:_identify(build) ignored
[1.827s] Level 1:colcon.colcon_core.package_identification:_identify(install) by extensions ['ignore', 'ignore_ament_install']
[1.827s] Level 1:colcon.colcon_core.package_identification:_identify(install) by extension 'ignore'
[1.827s] Level 1:colcon.colcon_core.package_identification:_identify(install) ignored
[1.827s] Level 1:colcon.colcon_core.package_identification:_identify(log) by extensions ['ignore', 'ignore_ament_install']
[1.827s] Level 1:colcon.colcon_core.package_identification:_identify(log) by extension 'ignore'
[1.828s] Level 1:colcon.colcon_core.package_identification:_identify(log) ignored
[1.828s] Level 1:colcon.colcon_core.package_identification:_identify(src) by extensions ['ignore', 'ignore_ament_install']
[1.828s] Level 1:colcon.colcon_core.package_identification:_identify(src) by extension 'ignore'
[1.828s] Level 1:colcon.colcon_core.package_identification:_identify(src) by extension 'ignore_ament_install'
[1.828s] Level 1:colcon.colcon_core.package_identification:_identify(src) by extensions ['colcon_pkg']
[1.828s] Level 1:colcon.colcon_core.package_identification:_identify(src) by extension 'colcon_pkg'
[1.828s] Level 1:colcon.colcon_core.package_identification:_identify(src) by extensions ['colcon_meta']
[1.828s] Level 1:colcon.colcon_core.package_identification:_identify(src) by extension 'colcon_meta'
[1.828s] Level 1:colcon.colcon_core.package_identification:_identify(src) by extensions ['ros']
[1.828s] Level 1:colcon.colcon_core.package_identification:_identify(src) by extension 'ros'
[1.828s] Level 1:colcon.colcon_core.package_identification:_identify(src) by extensions ['cmake', 'python']
[1.828s] Level 1:colcon.colcon_core.package_identification:_identify(src) by extension 'cmake'
[1.829s] Level 1:colcon.colcon_core.package_identification:_identify(src) by extension 'python'
[1.829s] Level 1:colcon.colcon_core.package_identification:_identify(src) by extensions ['python_setup_py']
[1.829s] Level 1:colcon.colcon_core.package_identification:_identify(src) by extension 'python_setup_py'
[1.829s] Level 1:colcon.colcon_core.package_identification:_identify(src/my_robot_controller) by extensions ['ignore', 'ignore_ament_install']
[1.829s] Level 1:colcon.colcon_core.package_identification:_identify(src/my_robot_controller) by extension 'ignore'
[1.829s] Level 1:colcon.colcon_core.package_identification:_identify(src/my_robot_controller) by extension 'ignore_ament_install'
[1.829s] Level 1:colcon.colcon_core.package_identification:_identify(src/my_robot_controller) by extensions ['colcon_pkg']
[1.829s] Level 1:colcon.colcon_core.package_identification:_identify(src/my_robot_controller) by extension 'colcon_pkg'
[1.829s] Level 1:colcon.colcon_core.package_identification:_identify(src/my_robot_controller) by extensions ['colcon_meta']
[1.829s] Level 1:colcon.colcon_core.package_identification:_identify(src/my_robot_controller) by extension 'colcon_meta'
[1.829s] Level 1:colcon.colcon_core.package_identification:_identify(src/my_robot_controller) by extensions ['ros']
[1.829s] Level 1:colcon.colcon_core.package_identification:_identify(src/my_robot_controller) by extension 'ros'
[1.834s] DEBUG:colcon.colcon_core.package_identification:Package 'src/my_robot_controller' with type 'ros.ament_python' and name 'my_robot_controller'
[1.834s] Level 1:colcon.colcon_core.package_discovery:discover_packages(recursive) using defaults
[1.834s] Level 1:colcon.colcon_core.package_discovery:discover_packages(ignore) discover
[1.834s] Level 1:colcon.colcon_core.package_discovery:discover_packages(ignore) using defaults
[1.834s] Level 1:colcon.colcon_core.package_discovery:discover_packages(path) discover
[1.834s] Level 1:colcon.colcon_core.package_discovery:discover_packages(path) using defaults
[1.989s] Level 1:colcon.colcon_core.package_discovery:discover_packages(prefix_path) check parameters
[1.989s] Level 1:colcon.colcon_core.package_discovery:discover_packages(prefix_path) discover
[2.038s] DEBUG:colcon.colcon_installed_package_information.package_discovery:Found 1 installed packages in /home/felipe/Documents/GitHub/entregaveis-modulo8/Ponderada2/ros2_ws/install
[2.063s] DEBUG:colcon.colcon_installed_package_information.package_discovery:Found 388 installed packages in /opt/ros/humble
[2.082s] Level 1:colcon.colcon_core.package_discovery:discover_packages(prefix_path) using defaults
[2.264s] Level 5:colcon.colcon_core.verb:set package 'my_robot_controller' build argument 'cmake_args' from command line to 'None'
[2.265s] Level 5:colcon.colcon_core.verb:set package 'my_robot_controller' build argument 'cmake_target' from command line to 'None'
[2.265s] Level 5:colcon.colcon_core.verb:set package 'my_robot_controller' build argument 'cmake_target_skip_unavailable' from command line to 'False'
[2.265s] Level 5:colcon.colcon_core.verb:set package 'my_robot_controller' build argument 'cmake_clean_cache' from command line to 'False'
[2.265s] Level 5:colcon.colcon_core.verb:set package 'my_robot_controller' build argument 'cmake_clean_first' from command line to 'False'
[2.265s] Level 5:colcon.colcon_core.verb:set package 'my_robot_controller' build argument 'cmake_force_configure' from command line to 'False'
[2.265s] Level 5:colcon.colcon_core.verb:set package 'my_robot_controller' build argument 'ament_cmake_args' from command line to 'None'
[2.265s] Level 5:colcon.colcon_core.verb:set package 'my_robot_controller' build argument 'catkin_cmake_args' from command line to 'None'
[2.265s] Level 5:colcon.colcon_core.verb:set package 'my_robot_controller' build argument 'catkin_skip_building_tests' from command line to 'False'
[2.265s] DEBUG:colcon.colcon_core.verb:Building package 'my_robot_controller' with the following arguments: {'ament_cmake_args': None, 'build_base': '/home/felipe/Documents/GitHub/entregaveis-modulo8/Ponderada2/ros2_ws/build/my_robot_controller', 'catkin_cmake_args': None, 'catkin_skip_building_tests': False, 'cmake_args': None, 'cmake_clean_cache': False, 'cmake_clean_first': False, 'cmake_force_configure': False, 'cmake_target': None, 'cmake_target_skip_unavailable': False, 'install_base': '/home/felipe/Documents/GitHub/entregaveis-modulo8/Ponderada2/ros2_ws/install/my_robot_controller', 'merge_install': False, 'path': '/home/felipe/Documents/GitHub/entregaveis-modulo8/Ponderada2/ros2_ws/src/my_robot_controller', 'symlink_install': True, 'test_result_base': None}
[2.290s] INFO:colcon.colcon_core.executor:Executing jobs using 'parallel' executor
[2.319s] DEBUG:colcon.colcon_parallel_executor.executor.parallel:run_until_complete
[2.319s] INFO:colcon.colcon_ros.task.ament_python.build:Building ROS package in '/home/felipe/Documents/GitHub/entregaveis-modulo8/Ponderada2/ros2_ws/src/my_robot_controller' with build type 'ament_python'
[2.320s] Level 1:colcon.colcon_core.shell:create_environment_hook('my_robot_controller', 'ament_prefix_path')
[2.356s] INFO:colcon.colcon_core.plugin_system:Skipping extension 'colcon_core.shell.bat': Not used on non-Windows systems
[2.356s] INFO:colcon.colcon_core.shell:Creating environment hook '/home/felipe/Documents/GitHub/entregaveis-modulo8/Ponderada2/ros2_ws/install/my_robot_controller/share/my_robot_controller/hook/ament_prefix_path.ps1'
[2.358s] INFO:colcon.colcon_core.shell:Creating environment descriptor '/home/felipe/Documents/GitHub/entregaveis-modulo8/Ponderada2/ros2_ws/install/my_robot_controller/share/my_robot_controller/hook/ament_prefix_path.dsv'
[2.369s] INFO:colcon.colcon_core.shell:Creating environment hook '/home/felipe/Documents/GitHub/entregaveis-modulo8/Ponderada2/ros2_ws/install/my_robot_controller/share/my_robot_controller/hook/ament_prefix_path.sh'
[2.398s] INFO:colcon.colcon_core.shell:Skip shell extension 'powershell' for command environment: Not usable outside of PowerShell
[2.399s] DEBUG:colcon.colcon_core.shell:Skip shell extension 'dsv' for command environment
[3.003s] INFO:colcon.colcon_core.task.python.build:Building Python package in '/home/felipe/Documents/GitHub/entregaveis-modulo8/Ponderada2/ros2_ws/src/my_robot_controller'
[3.034s] INFO:colcon.colcon_core.shell:Skip shell extension 'powershell' for command environment: Not usable outside of PowerShell
[3.034s] DEBUG:colcon.colcon_core.shell:Skip shell extension 'dsv' for command environment
[3.813s] DEBUG:colcon.colcon_core.task.python.build:While undoing a previous installation files outside the Python library path are being ignored: /home/felipe/Documents/GitHub/entregaveis-modulo8/Ponderada2/ros2_ws/install/my_robot_controller/share/ament_index/resource_index/packages/my_robot_controller
[3.813s] DEBUG:colcon.colcon_core.task.python.build:While undoing a previous installation files outside the Python library path are being ignored: /home/felipe/Documents/GitHub/entregaveis-modulo8/Ponderada2/ros2_ws/install/my_robot_controller/share/my_robot_controller/package.xml
[3.814s] DEBUG:colcon.colcon_core.task.python.build:While undoing a previous installation files outside the Python library path are being ignored: /home/felipe/Documents/GitHub/entregaveis-modulo8/Ponderada2/ros2_ws/install/my_robot_controller/lib/my_robot_controller/ponderada
[3.820s] DEBUG:colcon.colcon_core.event_handler.log_command:Invoking command in '/home/felipe/Documents/GitHub/entregaveis-modulo8/Ponderada2/ros2_ws/build/my_robot_controller': PYTHONPATH=/home/felipe/Documents/GitHub/entregaveis-modulo8/Ponderada2/ros2_ws/build/my_robot_controller/prefix_override:/home/felipe/Documents/GitHub/entregaveis-modulo8/Ponderada2/ros2_ws/install/my_robot_controller/lib/python3.10/site-packages:${PYTHONPATH} /usr/bin/python3 setup.py develop --editable --build-directory /home/felipe/Documents/GitHub/entregaveis-modulo8/Ponderada2/ros2_ws/build/my_robot_controller/build --no-deps install_data
[4.725s] Level 1:colcon.colcon_core.shell:create_environment_hook('my_robot_controller', 'pythonpath_develop')
[4.727s] DEBUG:colcon.colcon_core.event_handler.log_command:Invoked command in '/home/felipe/Documents/GitHub/entregaveis-modulo8/Ponderada2/ros2_ws/build/my_robot_controller' returned '0': PYTHONPATH=/home/felipe/Documents/GitHub/entregaveis-modulo8/Ponderada2/ros2_ws/build/my_robot_controller/prefix_override:/home/felipe/Documents/GitHub/entregaveis-modulo8/Ponderada2/ros2_ws/install/my_robot_controller/lib/python3.10/site-packages:${PYTHONPATH} /usr/bin/python3 setup.py develop --editable --build-directory /home/felipe/Documents/GitHub/entregaveis-modulo8/Ponderada2/ros2_ws/build/my_robot_controller/build --no-deps install_data
[4.755s] INFO:colcon.colcon_core.shell:Creating environment hook '/home/felipe/Documents/GitHub/entregaveis-modulo8/Ponderada2/ros2_ws/build/my_robot_controller/share/my_robot_controller/hook/pythonpath_develop.ps1'
[4.756s] INFO:colcon.colcon_core.shell:Creating environment descriptor '/home/felipe/Documents/GitHub/entregaveis-modulo8/Ponderada2/ros2_ws/build/my_robot_controller/share/my_robot_controller/hook/pythonpath_develop.dsv'
[4.768s] INFO:colcon.colcon_core.shell:Creating environment hook '/home/felipe/Documents/GitHub/entregaveis-modulo8/Ponderada2/ros2_ws/build/my_robot_controller/share/my_robot_controller/hook/pythonpath_develop.sh'
[4.799s] Level 1:colcon.colcon_core.environment:checking '/home/felipe/Documents/GitHub/entregaveis-modulo8/Ponderada2/ros2_ws/install/my_robot_controller' for CMake module files
[4.800s] Level 1:colcon.colcon_core.environment:checking '/home/felipe/Documents/GitHub/entregaveis-modulo8/Ponderada2/ros2_ws/install/my_robot_controller' for CMake config files
[4.801s] Level 1:colcon.colcon_core.environment:checking '/home/felipe/Documents/GitHub/entregaveis-modulo8/Ponderada2/ros2_ws/install/my_robot_controller/lib'
[4.801s] Level 1:colcon.colcon_core.environment:checking '/home/felipe/Documents/GitHub/entregaveis-modulo8/Ponderada2/ros2_ws/install/my_robot_controller/bin'
[4.801s] Level 1:colcon.colcon_core.environment:checking '/home/felipe/Documents/GitHub/entregaveis-modulo8/Ponderada2/ros2_ws/install/my_robot_controller/lib/pkgconfig/my_robot_controller.pc'
[4.802s] Level 1:colcon.colcon_core.environment:checking '/home/felipe/Documents/GitHub/entregaveis-modulo8/Ponderada2/ros2_ws/install/my_robot_controller/lib/python3.10/site-packages'
[4.802s] Level 1:colcon.colcon_core.shell:create_environment_hook('my_robot_controller', 'pythonpath')
[4.827s] INFO:colcon.colcon_core.shell:Creating environment hook '/home/felipe/Documents/GitHub/entregaveis-modulo8/Ponderada2/ros2_ws/install/my_robot_controller/share/my_robot_controller/hook/pythonpath.ps1'
[4.828s] INFO:colcon.colcon_core.shell:Creating environment descriptor '/home/felipe/Documents/GitHub/entregaveis-modulo8/Ponderada2/ros2_ws/install/my_robot_controller/share/my_robot_controller/hook/pythonpath.dsv'
[4.839s] INFO:colcon.colcon_core.shell:Creating environment hook '/home/felipe/Documents/GitHub/entregaveis-modulo8/Ponderada2/ros2_ws/install/my_robot_controller/share/my_robot_controller/hook/pythonpath.sh'
[4.841s] Level 1:colcon.colcon_core.environment:checking '/home/felipe/Documents/GitHub/entregaveis-modulo8/Ponderada2/ros2_ws/install/my_robot_controller/bin'
[4.841s] Level 1:colcon.colcon_core.environment:create_environment_scripts_only(my_robot_controller)
[4.867s] INFO:colcon.colcon_core.shell:Creating package script '/home/felipe/Documents/GitHub/entregaveis-modulo8/Ponderada2/ros2_ws/install/my_robot_controller/share/my_robot_controller/package.ps1'
[4.868s] INFO:colcon.colcon_core.shell:Creating package descriptor '/home/felipe/Documents/GitHub/entregaveis-modulo8/Ponderada2/ros2_ws/install/my_robot_controller/share/my_robot_controller/package.dsv'
[4.880s] INFO:colcon.colcon_core.shell:Creating package script '/home/felipe/Documents/GitHub/entregaveis-modulo8/Ponderada2/ros2_ws/install/my_robot_controller/share/my_robot_controller/package.sh'
[4.881s] INFO:colcon.colcon_core.shell:Creating package script '/home/felipe/Documents/GitHub/entregaveis-modulo8/Ponderada2/ros2_ws/install/my_robot_controller/share/my_robot_controller/package.bash'
[4.893s] INFO:colcon.colcon_core.shell:Creating package script '/home/felipe/Documents/GitHub/entregaveis-modulo8/Ponderada2/ros2_ws/install/my_robot_controller/share/my_robot_controller/package.zsh'
[4.894s] Level 1:colcon.colcon_core.environment:create_file_with_runtime_dependencies(/home/felipe/Documents/GitHub/entregaveis-modulo8/Ponderada2/ros2_ws/install/my_robot_controller/share/colcon-core/packages/my_robot_controller)
[4.896s] DEBUG:colcon.colcon_parallel_executor.executor.parallel:closing loop
[4.896s] DEBUG:colcon.colcon_parallel_executor.executor.parallel:loop closed
[4.896s] DEBUG:colcon.colcon_parallel_executor.executor.parallel:run_until_complete finished with '0'
[4.896s] DEBUG:colcon.colcon_core.event_reactor:joining thread
[4.938s] INFO:colcon.colcon_core.plugin_system:Skipping extension 'colcon_notification.desktop_notification.terminal_notifier': Not used on non-Darwin systems
[4.938s] INFO:colcon.colcon_core.plugin_system:Skipping extension 'colcon_notification.desktop_notification.win32': Not used on non-Windows systems
[4.938s] INFO:colcon.colcon_notification.desktop_notification:Sending desktop notification using 'notify2'
[4.980s] DEBUG:colcon.colcon_core.event_reactor:joined thread
[5.016s] INFO:colcon.colcon_core.shell:Creating prefix script '/home/felipe/Documents/GitHub/entregaveis-modulo8/Ponderada2/ros2_ws/install/local_setup.ps1'
[5.019s] INFO:colcon.colcon_core.shell:Creating prefix util module '/home/felipe/Documents/GitHub/entregaveis-modulo8/Ponderada2/ros2_ws/install/_local_setup_util_ps1.py'
[5.033s] INFO:colcon.colcon_core.shell:Creating prefix chain script '/home/felipe/Documents/GitHub/entregaveis-modulo8/Ponderada2/ros2_ws/install/setup.ps1'
[5.067s] INFO:colcon.colcon_core.shell:Creating prefix script '/home/felipe/Documents/GitHub/entregaveis-modulo8/Ponderada2/ros2_ws/install/local_setup.sh'
[5.078s] INFO:colcon.colcon_core.shell:Creating prefix util module '/home/felipe/Documents/GitHub/entregaveis-modulo8/Ponderada2/ros2_ws/install/_local_setup_util_sh.py'
[5.079s] INFO:colcon.colcon_core.shell:Creating prefix chain script '/home/felipe/Documents/GitHub/entregaveis-modulo8/Ponderada2/ros2_ws/install/setup.sh'
[5.121s] INFO:colcon.colcon_core.shell:Creating prefix script '/home/felipe/Documents/GitHub/entregaveis-modulo8/Ponderada2/ros2_ws/install/local_setup.bash'
[5.132s] INFO:colcon.colcon_core.shell:Creating prefix chain script '/home/felipe/Documents/GitHub/entregaveis-modulo8/Ponderada2/ros2_ws/install/setup.bash'
[5.167s] INFO:colcon.colcon_core.shell:Creating prefix script '/home/felipe/Documents/GitHub/entregaveis-modulo8/Ponderada2/ros2_ws/install/local_setup.zsh'
[5.179s] INFO:colcon.colcon_core.shell:Creating prefix chain script '/home/felipe/Documents/GitHub/entregaveis-modulo8/Ponderada2/ros2_ws/install/setup.zsh'
