[1.421s] Invoking command in '/home/felipe/Documents/GitHub/entregaveis-modulo8/Ponderada2/ros2_ws/src/my_robot_controller': PYTHONPATH=/home/felipe/Documents/GitHub/entregaveis-modulo8/Ponderada2/ros2_ws/build/my_robot_controller/prefix_override:/home/felipe/Documents/GitHub/entregaveis-modulo8/Ponderada2/ros2_ws/install/my_robot_controller/lib/python3.10/site-packages:${PYTHONPATH} /usr/bin/python3 setup.py egg_info --egg-base ../../build/my_robot_controller build --build-base /home/felipe/Documents/GitHub/entregaveis-modulo8/Ponderada2/ros2_ws/build/my_robot_controller/build install --record /home/felipe/Documents/GitHub/entregaveis-modulo8/Ponderada2/ros2_ws/build/my_robot_controller/install.log --single-version-externally-managed
[1.896s] running egg_info
[1.897s] writing ../../build/my_robot_controller/my_robot_controller.egg-info/PKG-INFO
[1.897s] writing dependency_links to ../../build/my_robot_controller/my_robot_controller.egg-info/dependency_links.txt
[1.909s] writing entry points to ../../build/my_robot_controller/my_robot_controller.egg-info/entry_points.txt
[1.909s] writing requirements to ../../build/my_robot_controller/my_robot_controller.egg-info/requires.txt
[1.910s] writing top-level names to ../../build/my_robot_controller/my_robot_controller.egg-info/top_level.txt
[1.914s] reading manifest file '../../build/my_robot_controller/my_robot_controller.egg-info/SOURCES.txt'
[1.916s] writing manifest file '../../build/my_robot_controller/my_robot_controller.egg-info/SOURCES.txt'
[1.916s] running build
[1.916s] running build_py
[1.917s] running install
[1.917s] running install_lib
[1.919s] running install_data
[1.920s] running install_egg_info
[1.923s] removing '/home/felipe/Documents/GitHub/entregaveis-modulo8/Ponderada2/ros2_ws/install/my_robot_controller/lib/python3.10/site-packages/my_robot_controller-0.0.0-py3.10.egg-info' (and everything under it)
[1.923s] Copying ../../build/my_robot_controller/my_robot_controller.egg-info to /home/felipe/Documents/GitHub/entregaveis-modulo8/Ponderada2/ros2_ws/install/my_robot_controller/lib/python3.10/site-packages/my_robot_controller-0.0.0-py3.10.egg-info
[1.924s] running install_scripts
[1.964s] Installing ponderada script to /home/felipe/Documents/GitHub/entregaveis-modulo8/Ponderada2/ros2_ws/install/my_robot_controller/lib/my_robot_controller
[1.964s] writing list of installed files to '/home/felipe/Documents/GitHub/entregaveis-modulo8/Ponderada2/ros2_ws/build/my_robot_controller/install.log'
[2.016s] Invoked command in '/home/felipe/Documents/GitHub/entregaveis-modulo8/Ponderada2/ros2_ws/src/my_robot_controller' returned '0': PYTHONPATH=/home/felipe/Documents/GitHub/entregaveis-modulo8/Ponderada2/ros2_ws/build/my_robot_controller/prefix_override:/home/felipe/Documents/GitHub/entregaveis-modulo8/Ponderada2/ros2_ws/install/my_robot_controller/lib/python3.10/site-packages:${PYTHONPATH} /usr/bin/python3 setup.py egg_info --egg-base ../../build/my_robot_controller build --build-base /home/felipe/Documents/GitHub/entregaveis-modulo8/Ponderada2/ros2_ws/build/my_robot_controller/build install --record /home/felipe/Documents/GitHub/entregaveis-modulo8/Ponderada2/ros2_ws/build/my_robot_controller/install.log --single-version-externally-managed
