[2.196s] DEBUG:colcon:Command line arguments: ['/usr/bin/colcon', 'build', '--symlink-install']
[2.196s] DEBUG:colcon:Parsed command line arguments: Namespace(log_base=None, log_level=None, verb_name='build', build_base='build', install_base='install', merge_install=False, symlink_install=True, test_result_base=None, continue_on_error=False, executor='parallel', parallel_workers=8, event_handlers=None, ignore_user_meta=False, metas=['./colcon.meta'], base_paths=['.'], packages_ignore=None, packages_ignore_regex=None, paths=None, packages_up_to=None, packages_up_to_regex=None, packages_above=None, packages_above_and_dependencies=None, packages_above_depth=None, packages_select_by_dep=None, packages_skip_by_dep=None, packages_skip_up_to=None, packages_select_build_failed=False, packages_skip_build_finished=False, packages_select_test_failures=False, packages_skip_test_passed=False, packages_select=None, packages_skip=None, packages_select_regex=None, packages_skip_regex=None, packages_start=None, packages_end=None, allow_overriding=[], cmake_args=None, cmake_target=None, cmake_target_skip_unavailable=False, cmake_clean_cache=False, cmake_clean_first=False, cmake_force_configure=False, ament_cmake_args=None, catkin_cmake_args=None, catkin_skip_building_tests=False, verb_parser=<colcon_defaults.argument_parser.defaults.DefaultArgumentsDecorator object at 0x7f0b02c2fe50>, verb_extension=<colcon_core.verb.build.BuildVerb object at 0x7f0b02c2fb80>, main=<bound method BuildVerb.main of <colcon_core.verb.build.BuildVerb object at 0x7f0b02c2fb80>>)
[2.298s] Level 1:colcon.colcon_core.package_discovery:discover_packages(colcon_meta) check parameters
[2.298s] Level 1:colcon.colcon_core.package_discovery:discover_packages(recursive) check parameters
[2.298s] Level 1:colcon.colcon_core.package_discovery:discover_packages(ignore) check parameters
[2.298s] Level 1:colcon.colcon_core.package_discovery:discover_packages(path) check parameters
[2.298s] Level 1:colcon.colcon_core.package_discovery:discover_packages(colcon_meta) discover
[2.298s] Level 1:colcon.colcon_core.package_discovery:discover_packages(recursive) discover
[2.299s] INFO:colcon.colcon_core.package_discovery:Crawling recursively for packages in '/home/felipe/Documents/GitHub/entregaveis-modulo8/Ponderada2/ros2_ws'
[2.299s] Level 1:colcon.colcon_core.package_identification:_identify(.) by extensions ['ignore', 'ignore_ament_install']
[2.299s] Level 1:colcon.colcon_core.package_identification:_identify(.) by extension 'ignore'
[2.299s] Level 1:colcon.colcon_core.package_identification:_identify(.) by extension 'ignore_ament_install'
[2.299s] Level 1:colcon.colcon_core.package_identification:_identify(.) by extensions ['colcon_pkg']
[2.299s] Level 1:colcon.colcon_core.package_identification:_identify(.) by extension 'colcon_pkg'
[2.300s] Level 1:colcon.colcon_core.package_identification:_identify(.) by extensions ['colcon_meta']
[2.300s] Level 1:colcon.colcon_core.package_identification:_identify(.) by extension 'colcon_meta'
[2.300s] Level 1:colcon.colcon_core.package_identification:_identify(.) by extensions ['ros']
[2.300s] Level 1:colcon.colcon_core.package_identification:_identify(.) by extension 'ros'
[2.323s] Level 1:colcon.colcon_core.package_identification:_identify(.) by extensions ['cmake', 'python']
[2.323s] Level 1:colcon.colcon_core.package_identification:_identify(.) by extension 'cmake'
[2.324s] Level 1:colcon.colcon_core.package_identification:_identify(.) by extension 'python'
[2.324s] Level 1:colcon.colcon_core.package_identification:_identify(.) by extensions ['python_setup_py']
[2.324s] Level 1:colcon.colcon_core.package_identification:_identify(.) by extension 'python_setup_py'
[2.324s] Level 1:colcon.colcon_core.package_identification:_identify(build) by extensions ['ignore', 'ignore_ament_install']
[2.324s] Level 1:colcon.colcon_core.package_identification:_identify(build) by extension 'ignore'
[2.324s] Level 1:colcon.colcon_core.package_identification:_identify(build) ignored
[2.325s] Level 1:colcon.colcon_core.package_identification:_identify(install) by extensions ['ignore', 'ignore_ament_install']
[2.325s] Level 1:colcon.colcon_core.package_identification:_identify(install) by extension 'ignore'
[2.325s] Level 1:colcon.colcon_core.package_identification:_identify(install) ignored
[2.325s] Level 1:colcon.colcon_core.package_identification:_identify(log) by extensions ['ignore', 'ignore_ament_install']
[2.325s] Level 1:colcon.colcon_core.package_identification:_identify(log) by extension 'ignore'
[2.325s] Level 1:colcon.colcon_core.package_identification:_identify(log) ignored
[2.325s] Level 1:colcon.colcon_core.package_identification:_identify(src) by extensions ['ignore', 'ignore_ament_install']
[2.326s] Level 1:colcon.colcon_core.package_identification:_identify(src) by extension 'ignore'
[2.326s] Level 1:colcon.colcon_core.package_identification:_identify(src) by extension 'ignore_ament_install'
[2.326s] Level 1:colcon.colcon_core.package_identification:_identify(src) by extensions ['colcon_pkg']
[2.326s] Level 1:colcon.colcon_core.package_identification:_identify(src) by extension 'colcon_pkg'
[2.326s] Level 1:colcon.colcon_core.package_identification:_identify(src) by extensions ['colcon_meta']
[2.326s] Level 1:colcon.colcon_core.package_identification:_identify(src) by extension 'colcon_meta'
[2.326s] Level 1:colcon.colcon_core.package_identification:_identify(src) by extensions ['ros']
[2.326s] Level 1:colcon.colcon_core.package_identification:_identify(src) by extension 'ros'
[2.326s] Level 1:colcon.colcon_core.package_identification:_identify(src) by extensions ['cmake', 'python']
[2.326s] Level 1:colcon.colcon_core.package_identification:_identify(src) by extension 'cmake'
[2.326s] Level 1:colcon.colcon_core.package_identification:_identify(src) by extension 'python'
[2.326s] Level 1:colcon.colcon_core.package_identification:_identify(src) by extensions ['python_setup_py']
[2.327s] Level 1:colcon.colcon_core.package_identification:_identify(src) by extension 'python_setup_py'
[2.327s] Level 1:colcon.colcon_core.package_identification:_identify(src/my_robot_controller) by extensions ['ignore', 'ignore_ament_install']
[2.327s] Level 1:colcon.colcon_core.package_identification:_identify(src/my_robot_controller) by extension 'ignore'
[2.327s] Level 1:colcon.colcon_core.package_identification:_identify(src/my_robot_controller) by extension 'ignore_ament_install'
[2.327s] Level 1:colcon.colcon_core.package_identification:_identify(src/my_robot_controller) by extensions ['colcon_pkg']
[2.327s] Level 1:colcon.colcon_core.package_identification:_identify(src/my_robot_controller) by extension 'colcon_pkg'
[2.327s] Level 1:colcon.colcon_core.package_identification:_identify(src/my_robot_controller) by extensions ['colcon_meta']
[2.327s] Level 1:colcon.colcon_core.package_identification:_identify(src/my_robot_controller) by extension 'colcon_meta'
[2.327s] Level 1:colcon.colcon_core.package_identification:_identify(src/my_robot_controller) by extensions ['ros']
[2.327s] Level 1:colcon.colcon_core.package_identification:_identify(src/my_robot_controller) by extension 'ros'
[2.333s] DEBUG:colcon.colcon_core.package_identification:Found ROS schema reference in package manifest in 'src/my_robot_controller'
[2.334s] WARNING:colcon.colcon_core.package_identification:Failed to parse ROS package manifest in 'src/my_robot_controller': Error(s) in package 'src/my_robot_controller/package.xml':
The package "my_robot_controller" must not "exec_depend" on a package with the same name as this package
[2.334s] Level 1:colcon.colcon_core.package_identification:_identify(src/my_robot_controller) by extensions ['cmake', 'python']
[2.334s] Level 1:colcon.colcon_core.package_identification:_identify(src/my_robot_controller) by extension 'cmake'
[2.334s] Level 1:colcon.colcon_core.package_identification:_identify(src/my_robot_controller) by extension 'python'
[2.334s] DEBUG:colcon.colcon_core.package_identification:Python package in 'src/my_robot_controller' passes arguments to the setup() function which requires a different identification extension than 'python'
[2.334s] Level 1:colcon.colcon_core.package_identification:_identify(src/my_robot_controller) by extensions ['python_setup_py']
[2.334s] Level 1:colcon.colcon_core.package_identification:_identify(src/my_robot_controller) by extension 'python_setup_py'
[2.925s] DEBUG:colcon.colcon_core.package_identification:Package 'src/my_robot_controller' with type 'python' and name 'my_robot_controller'
[2.925s] Level 1:colcon.colcon_core.package_discovery:discover_packages(recursive) using defaults
[2.925s] Level 1:colcon.colcon_core.package_discovery:discover_packages(ignore) discover
[2.925s] Level 1:colcon.colcon_core.package_discovery:discover_packages(ignore) using defaults
[2.925s] Level 1:colcon.colcon_core.package_discovery:discover_packages(path) discover
[2.925s] Level 1:colcon.colcon_core.package_discovery:discover_packages(path) using defaults
[3.129s] Level 1:colcon.colcon_core.package_discovery:discover_packages(prefix_path) check parameters
[3.129s] Level 1:colcon.colcon_core.package_discovery:discover_packages(prefix_path) discover
[3.196s] DEBUG:colcon.colcon_installed_package_information.package_discovery:Found 1 installed packages in /home/felipe/Documents/GitHub/entregaveis-modulo8/Ponderada2/ros2_ws/install
[3.229s] DEBUG:colcon.colcon_installed_package_information.package_discovery:Found 388 installed packages in /opt/ros/humble
[3.250s] Level 1:colcon.colcon_core.package_discovery:discover_packages(prefix_path) using defaults
[3.472s] Level 5:colcon.colcon_core.verb:set package 'my_robot_controller' build argument 'cmake_args' from command line to 'None'
[3.472s] Level 5:colcon.colcon_core.verb:set package 'my_robot_controller' build argument 'cmake_target' from command line to 'None'
[3.472s] Level 5:colcon.colcon_core.verb:set package 'my_robot_controller' build argument 'cmake_target_skip_unavailable' from command line to 'False'
[3.472s] Level 5:colcon.colcon_core.verb:set package 'my_robot_controller' build argument 'cmake_clean_cache' from command line to 'False'
[3.472s] Level 5:colcon.colcon_core.verb:set package 'my_robot_controller' build argument 'cmake_clean_first' from command line to 'False'
[3.473s] Level 5:colcon.colcon_core.verb:set package 'my_robot_controller' build argument 'cmake_force_configure' from command line to 'False'
[3.473s] Level 5:colcon.colcon_core.verb:set package 'my_robot_controller' build argument 'ament_cmake_args' from command line to 'None'
[3.473s] Level 5:colcon.colcon_core.verb:set package 'my_robot_controller' build argument 'catkin_cmake_args' from command line to 'None'
[3.473s] Level 5:colcon.colcon_core.verb:set package 'my_robot_controller' build argument 'catkin_skip_building_tests' from command line to 'False'
[3.473s] DEBUG:colcon.colcon_core.verb:Building package 'my_robot_controller' with the following arguments: {'ament_cmake_args': None, 'build_base': '/home/felipe/Documents/GitHub/entregaveis-modulo8/Ponderada2/ros2_ws/build/my_robot_controller', 'catkin_cmake_args': None, 'catkin_skip_building_tests': False, 'cmake_args': None, 'cmake_clean_cache': False, 'cmake_clean_first': False, 'cmake_force_configure': False, 'cmake_target': None, 'cmake_target_skip_unavailable': False, 'install_base': '/home/felipe/Documents/GitHub/entregaveis-modulo8/Ponderada2/ros2_ws/install/my_robot_controller', 'merge_install': False, 'path': '/home/felipe/Documents/GitHub/entregaveis-modulo8/Ponderada2/ros2_ws/src/my_robot_controller', 'symlink_install': True, 'test_result_base': None}
[3.504s] INFO:colcon.colcon_core.executor:Executing jobs using 'parallel' executor
[3.535s] DEBUG:colcon.colcon_parallel_executor.executor.parallel:run_until_complete
[3.535s] INFO:colcon.colcon_core.task.python.build:Building Python package in '/home/felipe/Documents/GitHub/entregaveis-modulo8/Ponderada2/ros2_ws/src/my_robot_controller'
[3.573s] INFO:colcon.colcon_core.plugin_system:Skipping extension 'colcon_core.shell.bat': Not used on non-Windows systems
[3.573s] INFO:colcon.colcon_core.shell:Skip shell extension 'powershell' for command environment: Not usable outside of PowerShell
[3.573s] DEBUG:colcon.colcon_core.shell:Skip shell extension 'dsv' for command environment
[5.104s] DEBUG:colcon.colcon_core.event_handler.log_command:Invoking command in '/home/felipe/Documents/GitHub/entregaveis-modulo8/Ponderada2/ros2_ws/build/my_robot_controller': PYTHONPATH=/home/felipe/Documents/GitHub/entregaveis-modulo8/Ponderada2/ros2_ws/build/my_robot_controller/prefix_override:/home/felipe/Documents/GitHub/entregaveis-modulo8/Ponderada2/ros2_ws/install/my_robot_controller/lib/python3.10/site-packages:${PYTHONPATH} /usr/bin/python3 setup.py develop --editable --build-directory /home/felipe/Documents/GitHub/entregaveis-modulo8/Ponderada2/ros2_ws/build/my_robot_controller/build --no-deps install_data
[6.192s] Level 1:colcon.colcon_core.shell:create_environment_hook('my_robot_controller', 'pythonpath_develop')
[6.193s] DEBUG:colcon.colcon_core.event_handler.log_command:Invoked command in '/home/felipe/Documents/GitHub/entregaveis-modulo8/Ponderada2/ros2_ws/build/my_robot_controller' returned '0': PYTHONPATH=/home/felipe/Documents/GitHub/entregaveis-modulo8/Ponderada2/ros2_ws/build/my_robot_controller/prefix_override:/home/felipe/Documents/GitHub/entregaveis-modulo8/Ponderada2/ros2_ws/install/my_robot_controller/lib/python3.10/site-packages:${PYTHONPATH} /usr/bin/python3 setup.py develop --editable --build-directory /home/felipe/Documents/GitHub/entregaveis-modulo8/Ponderada2/ros2_ws/build/my_robot_controller/build --no-deps install_data
[6.229s] INFO:colcon.colcon_core.shell:Creating environment hook '/home/felipe/Documents/GitHub/entregaveis-modulo8/Ponderada2/ros2_ws/build/my_robot_controller/share/my_robot_controller/hook/pythonpath_develop.ps1'
[6.230s] INFO:colcon.colcon_core.shell:Creating environment descriptor '/home/felipe/Documents/GitHub/entregaveis-modulo8/Ponderada2/ros2_ws/build/my_robot_controller/share/my_robot_controller/hook/pythonpath_develop.dsv'
[6.245s] INFO:colcon.colcon_core.shell:Creating environment hook '/home/felipe/Documents/GitHub/entregaveis-modulo8/Ponderada2/ros2_ws/build/my_robot_controller/share/my_robot_controller/hook/pythonpath_develop.sh'
[6.284s] Level 1:colcon.colcon_core.environment:checking '/home/felipe/Documents/GitHub/entregaveis-modulo8/Ponderada2/ros2_ws/install/my_robot_controller' for CMake module files
[6.285s] Level 1:colcon.colcon_core.environment:checking '/home/felipe/Documents/GitHub/entregaveis-modulo8/Ponderada2/ros2_ws/install/my_robot_controller' for CMake config files
[6.286s] Level 1:colcon.colcon_core.environment:checking '/home/felipe/Documents/GitHub/entregaveis-modulo8/Ponderada2/ros2_ws/install/my_robot_controller/lib'
[6.287s] Level 1:colcon.colcon_core.environment:checking '/home/felipe/Documents/GitHub/entregaveis-modulo8/Ponderada2/ros2_ws/install/my_robot_controller/bin'
[6.287s] Level 1:colcon.colcon_core.environment:checking '/home/felipe/Documents/GitHub/entregaveis-modulo8/Ponderada2/ros2_ws/install/my_robot_controller/lib/pkgconfig/my_robot_controller.pc'
[6.288s] Level 1:colcon.colcon_core.environment:checking '/home/felipe/Documents/GitHub/entregaveis-modulo8/Ponderada2/ros2_ws/install/my_robot_controller/lib/python3.10/site-packages'
[6.288s] Level 1:colcon.colcon_core.shell:create_environment_hook('my_robot_controller', 'pythonpath')
[6.320s] INFO:colcon.colcon_core.shell:Creating environment hook '/home/felipe/Documents/GitHub/entregaveis-modulo8/Ponderada2/ros2_ws/install/my_robot_controller/share/my_robot_controller/hook/pythonpath.ps1'
[6.321s] INFO:colcon.colcon_core.shell:Creating environment descriptor '/home/felipe/Documents/GitHub/entregaveis-modulo8/Ponderada2/ros2_ws/install/my_robot_controller/share/my_robot_controller/hook/pythonpath.dsv'
[6.332s] INFO:colcon.colcon_core.shell:Creating environment hook '/home/felipe/Documents/GitHub/entregaveis-modulo8/Ponderada2/ros2_ws/install/my_robot_controller/share/my_robot_controller/hook/pythonpath.sh'
[6.334s] Level 1:colcon.colcon_core.environment:checking '/home/felipe/Documents/GitHub/entregaveis-modulo8/Ponderada2/ros2_ws/install/my_robot_controller/bin'
[6.334s] Level 1:colcon.colcon_core.environment:create_environment_scripts_only(my_robot_controller)
[6.368s] INFO:colcon.colcon_core.shell:Creating package script '/home/felipe/Documents/GitHub/entregaveis-modulo8/Ponderada2/ros2_ws/install/my_robot_controller/share/my_robot_controller/package.ps1'
[6.370s] INFO:colcon.colcon_core.shell:Creating package descriptor '/home/felipe/Documents/GitHub/entregaveis-modulo8/Ponderada2/ros2_ws/install/my_robot_controller/share/my_robot_controller/package.dsv'
[6.381s] INFO:colcon.colcon_core.shell:Creating package script '/home/felipe/Documents/GitHub/entregaveis-modulo8/Ponderada2/ros2_ws/install/my_robot_controller/share/my_robot_controller/package.sh'
[6.384s] INFO:colcon.colcon_core.shell:Creating package script '/home/felipe/Documents/GitHub/entregaveis-modulo8/Ponderada2/ros2_ws/install/my_robot_controller/share/my_robot_controller/package.bash'
[6.395s] INFO:colcon.colcon_core.shell:Creating package script '/home/felipe/Documents/GitHub/entregaveis-modulo8/Ponderada2/ros2_ws/install/my_robot_controller/share/my_robot_controller/package.zsh'
[6.397s] Level 1:colcon.colcon_core.environment:create_file_with_runtime_dependencies(/home/felipe/Documents/GitHub/entregaveis-modulo8/Ponderada2/ros2_ws/install/my_robot_controller/share/colcon-core/packages/my_robot_controller)
[6.411s] DEBUG:colcon.colcon_parallel_executor.executor.parallel:closing loop
[6.412s] DEBUG:colcon.colcon_parallel_executor.executor.parallel:loop closed
[6.413s] DEBUG:colcon.colcon_parallel_executor.executor.parallel:run_until_complete finished with '0'
[6.413s] DEBUG:colcon.colcon_core.event_reactor:joining thread
[6.459s] INFO:colcon.colcon_core.plugin_system:Skipping extension 'colcon_notification.desktop_notification.terminal_notifier': Not used on non-Darwin systems
[6.459s] INFO:colcon.colcon_core.plugin_system:Skipping extension 'colcon_notification.desktop_notification.win32': Not used on non-Windows systems
[6.460s] INFO:colcon.colcon_notification.desktop_notification:Sending desktop notification using 'notify2'
[6.513s] DEBUG:colcon.colcon_core.event_reactor:joined thread
[6.545s] INFO:colcon.colcon_core.shell:Creating prefix script '/home/felipe/Documents/GitHub/entregaveis-modulo8/Ponderada2/ros2_ws/install/local_setup.ps1'
[6.548s] INFO:colcon.colcon_core.shell:Creating prefix util module '/home/felipe/Documents/GitHub/entregaveis-modulo8/Ponderada2/ros2_ws/install/_local_setup_util_ps1.py'
[6.559s] INFO:colcon.colcon_core.shell:Creating prefix chain script '/home/felipe/Documents/GitHub/entregaveis-modulo8/Ponderada2/ros2_ws/install/setup.ps1'
[6.602s] INFO:colcon.colcon_core.shell:Creating prefix script '/home/felipe/Documents/GitHub/entregaveis-modulo8/Ponderada2/ros2_ws/install/local_setup.sh'
[6.615s] INFO:colcon.colcon_core.shell:Creating prefix util module '/home/felipe/Documents/GitHub/entregaveis-modulo8/Ponderada2/ros2_ws/install/_local_setup_util_sh.py'
[6.616s] INFO:colcon.colcon_core.shell:Creating prefix chain script '/home/felipe/Documents/GitHub/entregaveis-modulo8/Ponderada2/ros2_ws/install/setup.sh'
[6.672s] INFO:colcon.colcon_core.shell:Creating prefix script '/home/felipe/Documents/GitHub/entregaveis-modulo8/Ponderada2/ros2_ws/install/local_setup.bash'
[6.683s] INFO:colcon.colcon_core.shell:Creating prefix chain script '/home/felipe/Documents/GitHub/entregaveis-modulo8/Ponderada2/ros2_ws/install/setup.bash'
[6.719s] INFO:colcon.colcon_core.shell:Creating prefix script '/home/felipe/Documents/GitHub/entregaveis-modulo8/Ponderada2/ros2_ws/install/local_setup.zsh'
[6.730s] INFO:colcon.colcon_core.shell:Creating prefix chain script '/home/felipe/Documents/GitHub/entregaveis-modulo8/Ponderada2/ros2_ws/install/setup.zsh'
