[1.863s] Invoking command in '/home/felipe/Documents/GitHub/entregaveis-modulo8/Ponderada2/ros2_ws/build/my_robot_controller': PYTHONPATH=/home/felipe/Documents/GitHub/entregaveis-modulo8/Ponderada2/ros2_ws/build/my_robot_controller/prefix_override:/home/felipe/Documents/GitHub/entregaveis-modulo8/Ponderada2/ros2_ws/install/my_robot_controller/lib/python3.10/site-packages:${PYTHONPATH} /usr/bin/python3 setup.py develop --uninstall --editable --build-directory /home/felipe/Documents/GitHub/entregaveis-modulo8/Ponderada2/ros2_ws/build/my_robot_controller/build
[2.750s] running develop
[3.182s] Removing /home/felipe/Documents/GitHub/entregaveis-modulo8/Ponderada2/ros2_ws/install/my_robot_controller/lib/python3.10/site-packages/my-robot-controller.egg-link (link to .)
[3.256s] Invoked command in '/home/felipe/Documents/GitHub/entregaveis-modulo8/Ponderada2/ros2_ws/build/my_robot_controller' returned '0': PYTHONPATH=/home/felipe/Documents/GitHub/entregaveis-modulo8/Ponderada2/ros2_ws/build/my_robot_controller/prefix_override:/home/felipe/Documents/GitHub/entregaveis-modulo8/Ponderada2/ros2_ws/install/my_robot_controller/lib/python3.10/site-packages:${PYTHONPATH} /usr/bin/python3 setup.py develop --uninstall --editable --build-directory /home/felipe/Documents/GitHub/entregaveis-modulo8/Ponderada2/ros2_ws/build/my_robot_controller/build
[3.261s] Invoking command in '/home/felipe/Documents/GitHub/entregaveis-modulo8/Ponderada2/ros2_ws/src/my_robot_controller': PYTHONPATH=/home/felipe/Documents/GitHub/entregaveis-modulo8/Ponderada2/ros2_ws/build/my_robot_controller/prefix_override:/home/felipe/Documents/GitHub/entregaveis-modulo8/Ponderada2/ros2_ws/install/my_robot_controller/lib/python3.10/site-packages:${PYTHONPATH} /usr/bin/python3 setup.py egg_info --egg-base ../../build/my_robot_controller build --build-base /home/felipe/Documents/GitHub/entregaveis-modulo8/Ponderada2/ros2_ws/build/my_robot_controller/build install --record /home/felipe/Documents/GitHub/entregaveis-modulo8/Ponderada2/ros2_ws/build/my_robot_controller/install.log --single-version-externally-managed
[3.902s] running egg_info
[3.943s] writing ../../build/my_robot_controller/my_robot_controller.egg-info/PKG-INFO
[3.945s] writing dependency_links to ../../build/my_robot_controller/my_robot_controller.egg-info/dependency_links.txt
[3.950s] writing entry points to ../../build/my_robot_controller/my_robot_controller.egg-info/entry_points.txt
[3.961s] writing requirements to ../../build/my_robot_controller/my_robot_controller.egg-info/requires.txt
[3.961s] writing top-level names to ../../build/my_robot_controller/my_robot_controller.egg-info/top_level.txt
[3.970s] reading manifest file '../../build/my_robot_controller/my_robot_controller.egg-info/SOURCES.txt'
[3.971s] writing manifest file '../../build/my_robot_controller/my_robot_controller.egg-info/SOURCES.txt'
[3.972s] running build
[3.972s] running build_py
[3.973s] copying my_robot_controller/test.py -> /home/felipe/Documents/GitHub/entregaveis-modulo8/Ponderada2/ros2_ws/build/my_robot_controller/build/lib/my_robot_controller
[3.973s] copying my_robot_controller/test3.py -> /home/felipe/Documents/GitHub/entregaveis-modulo8/Ponderada2/ros2_ws/build/my_robot_controller/build/lib/my_robot_controller
[3.973s] copying my_robot_controller/test2.py -> /home/felipe/Documents/GitHub/entregaveis-modulo8/Ponderada2/ros2_ws/build/my_robot_controller/build/lib/my_robot_controller
[3.974s] running install
[3.974s] running install_lib
[3.976s] creating /home/felipe/Documents/GitHub/entregaveis-modulo8/Ponderada2/ros2_ws/install/my_robot_controller/lib/python3.10/site-packages/my_robot_controller
[3.976s] copying /home/felipe/Documents/GitHub/entregaveis-modulo8/Ponderada2/ros2_ws/build/my_robot_controller/build/lib/my_robot_controller/test.py -> /home/felipe/Documents/GitHub/entregaveis-modulo8/Ponderada2/ros2_ws/install/my_robot_controller/lib/python3.10/site-packages/my_robot_controller
[3.976s] copying /home/felipe/Documents/GitHub/entregaveis-modulo8/Ponderada2/ros2_ws/build/my_robot_controller/build/lib/my_robot_controller/test3.py -> /home/felipe/Documents/GitHub/entregaveis-modulo8/Ponderada2/ros2_ws/install/my_robot_controller/lib/python3.10/site-packages/my_robot_controller
[3.977s] copying /home/felipe/Documents/GitHub/entregaveis-modulo8/Ponderada2/ros2_ws/build/my_robot_controller/build/lib/my_robot_controller/__init__.py -> /home/felipe/Documents/GitHub/entregaveis-modulo8/Ponderada2/ros2_ws/install/my_robot_controller/lib/python3.10/site-packages/my_robot_controller
[3.977s] copying /home/felipe/Documents/GitHub/entregaveis-modulo8/Ponderada2/ros2_ws/build/my_robot_controller/build/lib/my_robot_controller/test2.py -> /home/felipe/Documents/GitHub/entregaveis-modulo8/Ponderada2/ros2_ws/install/my_robot_controller/lib/python3.10/site-packages/my_robot_controller
[3.977s] copying /home/felipe/Documents/GitHub/entregaveis-modulo8/Ponderada2/ros2_ws/build/my_robot_controller/build/lib/my_robot_controller/main.py -> /home/felipe/Documents/GitHub/entregaveis-modulo8/Ponderada2/ros2_ws/install/my_robot_controller/lib/python3.10/site-packages/my_robot_controller
[3.978s] byte-compiling /home/felipe/Documents/GitHub/entregaveis-modulo8/Ponderada2/ros2_ws/install/my_robot_controller/lib/python3.10/site-packages/my_robot_controller/test.py to test.cpython-310.pyc
[3.979s] byte-compiling /home/felipe/Documents/GitHub/entregaveis-modulo8/Ponderada2/ros2_ws/install/my_robot_controller/lib/python3.10/site-packages/my_robot_controller/test3.py to test3.cpython-310.pyc
[3.979s] byte-compiling /home/felipe/Documents/GitHub/entregaveis-modulo8/Ponderada2/ros2_ws/install/my_robot_controller/lib/python3.10/site-packages/my_robot_controller/__init__.py to __init__.cpython-310.pyc
[3.980s] byte-compiling /home/felipe/Documents/GitHub/entregaveis-modulo8/Ponderada2/ros2_ws/install/my_robot_controller/lib/python3.10/site-packages/my_robot_controller/test2.py to test2.cpython-310.pyc
[3.981s] byte-compiling /home/felipe/Documents/GitHub/entregaveis-modulo8/Ponderada2/ros2_ws/install/my_robot_controller/lib/python3.10/site-packages/my_robot_controller/main.py to main.cpython-310.pyc
[3.982s] running install_data
[3.985s] running install_egg_info
[3.990s] Copying ../../build/my_robot_controller/my_robot_controller.egg-info to /home/felipe/Documents/GitHub/entregaveis-modulo8/Ponderada2/ros2_ws/install/my_robot_controller/lib/python3.10/site-packages/my_robot_controller-0.0.0-py3.10.egg-info
[3.991s] running install_scripts
[4.036s] Installing ponderada script to /home/felipe/Documents/GitHub/entregaveis-modulo8/Ponderada2/ros2_ws/install/my_robot_controller/lib/my_robot_controller
[4.038s] writing list of installed files to '/home/felipe/Documents/GitHub/entregaveis-modulo8/Ponderada2/ros2_ws/build/my_robot_controller/install.log'
[4.128s] Invoked command in '/home/felipe/Documents/GitHub/entregaveis-modulo8/Ponderada2/ros2_ws/src/my_robot_controller' returned '0': PYTHONPATH=/home/felipe/Documents/GitHub/entregaveis-modulo8/Ponderada2/ros2_ws/build/my_robot_controller/prefix_override:/home/felipe/Documents/GitHub/entregaveis-modulo8/Ponderada2/ros2_ws/install/my_robot_controller/lib/python3.10/site-packages:${PYTHONPATH} /usr/bin/python3 setup.py egg_info --egg-base ../../build/my_robot_controller build --build-base /home/felipe/Documents/GitHub/entregaveis-modulo8/Ponderada2/ros2_ws/build/my_robot_controller/build install --record /home/felipe/Documents/GitHub/entregaveis-modulo8/Ponderada2/ros2_ws/build/my_robot_controller/install.log --single-version-externally-managed
