[2.398s] DEBUG:colcon:Command line arguments: ['/usr/bin/colcon', 'build']
[2.398s] DEBUG:colcon:Parsed command line arguments: Namespace(log_base=None, log_level=None, verb_name='build', build_base='build', install_base='install', merge_install=False, symlink_install=False, test_result_base=None, continue_on_error=False, executor='parallel', parallel_workers=8, event_handlers=None, ignore_user_meta=False, metas=['./colcon.meta'], base_paths=['.'], packages_ignore=None, packages_ignore_regex=None, paths=None, packages_up_to=None, packages_up_to_regex=None, packages_above=None, packages_above_and_dependencies=None, packages_above_depth=None, packages_select_by_dep=None, packages_skip_by_dep=None, packages_skip_up_to=None, packages_select_build_failed=False, packages_skip_build_finished=False, packages_select_test_failures=False, packages_skip_test_passed=False, packages_select=None, packages_skip=None, packages_select_regex=None, packages_skip_regex=None, packages_start=None, packages_end=None, allow_overriding=[], cmake_args=None, cmake_target=None, cmake_target_skip_unavailable=False, cmake_clean_cache=False, cmake_clean_first=False, cmake_force_configure=False, ament_cmake_args=None, catkin_cmake_args=None, catkin_skip_building_tests=False, verb_parser=<colcon_defaults.argument_parser.defaults.DefaultArgumentsDecorator object at 0x7f38e1f0bc10>, verb_extension=<colcon_core.verb.build.BuildVerb object at 0x7f38e20ba620>, main=<bound method BuildVerb.main of <colcon_core.verb.build.BuildVerb object at 0x7f38e20ba620>>)
[2.505s] Level 1:colcon.colcon_core.package_discovery:discover_packages(colcon_meta) check parameters
[2.506s] Level 1:colcon.colcon_core.package_discovery:discover_packages(recursive) check parameters
[2.506s] Level 1:colcon.colcon_core.package_discovery:discover_packages(ignore) check parameters
[2.506s] Level 1:colcon.colcon_core.package_discovery:discover_packages(path) check parameters
[2.506s] Level 1:colcon.colcon_core.package_discovery:discover_packages(colcon_meta) discover
[2.506s] Level 1:colcon.colcon_core.package_discovery:discover_packages(recursive) discover
[2.506s] INFO:colcon.colcon_core.package_discovery:Crawling recursively for packages in '/home/felipe/Documents/GitHub/entregaveis-modulo8/Ponderada2/ros2_ws'
[2.506s] Level 1:colcon.colcon_core.package_identification:_identify(.) by extensions ['ignore', 'ignore_ament_install']
[2.507s] Level 1:colcon.colcon_core.package_identification:_identify(.) by extension 'ignore'
[2.507s] Level 1:colcon.colcon_core.package_identification:_identify(.) by extension 'ignore_ament_install'
[2.507s] Level 1:colcon.colcon_core.package_identification:_identify(.) by extensions ['colcon_pkg']
[2.507s] Level 1:colcon.colcon_core.package_identification:_identify(.) by extension 'colcon_pkg'
[2.507s] Level 1:colcon.colcon_core.package_identification:_identify(.) by extensions ['colcon_meta']
[2.507s] Level 1:colcon.colcon_core.package_identification:_identify(.) by extension 'colcon_meta'
[2.507s] Level 1:colcon.colcon_core.package_identification:_identify(.) by extensions ['ros']
[2.507s] Level 1:colcon.colcon_core.package_identification:_identify(.) by extension 'ros'
[2.532s] Level 1:colcon.colcon_core.package_identification:_identify(.) by extensions ['cmake', 'python']
[2.532s] Level 1:colcon.colcon_core.package_identification:_identify(.) by extension 'cmake'
[2.532s] Level 1:colcon.colcon_core.package_identification:_identify(.) by extension 'python'
[2.532s] Level 1:colcon.colcon_core.package_identification:_identify(.) by extensions ['python_setup_py']
[2.532s] Level 1:colcon.colcon_core.package_identification:_identify(.) by extension 'python_setup_py'
[2.533s] Level 1:colcon.colcon_core.package_identification:_identify(build) by extensions ['ignore', 'ignore_ament_install']
[2.533s] Level 1:colcon.colcon_core.package_identification:_identify(build) by extension 'ignore'
[2.533s] Level 1:colcon.colcon_core.package_identification:_identify(build) ignored
[2.534s] Level 1:colcon.colcon_core.package_identification:_identify(install) by extensions ['ignore', 'ignore_ament_install']
[2.534s] Level 1:colcon.colcon_core.package_identification:_identify(install) by extension 'ignore'
[2.534s] Level 1:colcon.colcon_core.package_identification:_identify(install) ignored
[2.534s] Level 1:colcon.colcon_core.package_identification:_identify(log) by extensions ['ignore', 'ignore_ament_install']
[2.534s] Level 1:colcon.colcon_core.package_identification:_identify(log) by extension 'ignore'
[2.534s] Level 1:colcon.colcon_core.package_identification:_identify(log) ignored
[2.535s] Level 1:colcon.colcon_core.package_identification:_identify(src) by extensions ['ignore', 'ignore_ament_install']
[2.535s] Level 1:colcon.colcon_core.package_identification:_identify(src) by extension 'ignore'
[2.535s] Level 1:colcon.colcon_core.package_identification:_identify(src) by extension 'ignore_ament_install'
[2.535s] Level 1:colcon.colcon_core.package_identification:_identify(src) by extensions ['colcon_pkg']
[2.535s] Level 1:colcon.colcon_core.package_identification:_identify(src) by extension 'colcon_pkg'
[2.535s] Level 1:colcon.colcon_core.package_identification:_identify(src) by extensions ['colcon_meta']
[2.535s] Level 1:colcon.colcon_core.package_identification:_identify(src) by extension 'colcon_meta'
[2.536s] Level 1:colcon.colcon_core.package_identification:_identify(src) by extensions ['ros']
[2.536s] Level 1:colcon.colcon_core.package_identification:_identify(src) by extension 'ros'
[2.536s] Level 1:colcon.colcon_core.package_identification:_identify(src) by extensions ['cmake', 'python']
[2.536s] Level 1:colcon.colcon_core.package_identification:_identify(src) by extension 'cmake'
[2.536s] Level 1:colcon.colcon_core.package_identification:_identify(src) by extension 'python'
[2.536s] Level 1:colcon.colcon_core.package_identification:_identify(src) by extensions ['python_setup_py']
[2.536s] Level 1:colcon.colcon_core.package_identification:_identify(src) by extension 'python_setup_py'
[2.536s] Level 1:colcon.colcon_core.package_identification:_identify(src/my_robot_controller) by extensions ['ignore', 'ignore_ament_install']
[2.536s] Level 1:colcon.colcon_core.package_identification:_identify(src/my_robot_controller) by extension 'ignore'
[2.537s] Level 1:colcon.colcon_core.package_identification:_identify(src/my_robot_controller) by extension 'ignore_ament_install'
[2.537s] Level 1:colcon.colcon_core.package_identification:_identify(src/my_robot_controller) by extensions ['colcon_pkg']
[2.537s] Level 1:colcon.colcon_core.package_identification:_identify(src/my_robot_controller) by extension 'colcon_pkg'
[2.537s] Level 1:colcon.colcon_core.package_identification:_identify(src/my_robot_controller) by extensions ['colcon_meta']
[2.537s] Level 1:colcon.colcon_core.package_identification:_identify(src/my_robot_controller) by extension 'colcon_meta'
[2.537s] Level 1:colcon.colcon_core.package_identification:_identify(src/my_robot_controller) by extensions ['ros']
[2.537s] Level 1:colcon.colcon_core.package_identification:_identify(src/my_robot_controller) by extension 'ros'
[2.543s] DEBUG:colcon.colcon_core.package_identification:Package 'src/my_robot_controller' with type 'ros.ament_python' and name 'my_robot_controller'
[2.543s] Level 1:colcon.colcon_core.package_discovery:discover_packages(recursive) using defaults
[2.544s] Level 1:colcon.colcon_core.package_discovery:discover_packages(ignore) discover
[2.544s] Level 1:colcon.colcon_core.package_discovery:discover_packages(ignore) using defaults
[2.544s] Level 1:colcon.colcon_core.package_discovery:discover_packages(path) discover
[2.544s] Level 1:colcon.colcon_core.package_discovery:discover_packages(path) using defaults
[2.761s] Level 1:colcon.colcon_core.package_discovery:discover_packages(prefix_path) check parameters
[2.761s] Level 1:colcon.colcon_core.package_discovery:discover_packages(prefix_path) discover
[2.830s] DEBUG:colcon.colcon_installed_package_information.package_discovery:Found 388 installed packages in /opt/ros/humble
[2.835s] Level 1:colcon.colcon_core.package_discovery:discover_packages(prefix_path) using defaults
[3.123s] Level 5:colcon.colcon_core.verb:set package 'my_robot_controller' build argument 'cmake_args' from command line to 'None'
[3.124s] Level 5:colcon.colcon_core.verb:set package 'my_robot_controller' build argument 'cmake_target' from command line to 'None'
[3.124s] Level 5:colcon.colcon_core.verb:set package 'my_robot_controller' build argument 'cmake_target_skip_unavailable' from command line to 'False'
[3.124s] Level 5:colcon.colcon_core.verb:set package 'my_robot_controller' build argument 'cmake_clean_cache' from command line to 'False'
[3.124s] Level 5:colcon.colcon_core.verb:set package 'my_robot_controller' build argument 'cmake_clean_first' from command line to 'False'
[3.124s] Level 5:colcon.colcon_core.verb:set package 'my_robot_controller' build argument 'cmake_force_configure' from command line to 'False'
[3.124s] Level 5:colcon.colcon_core.verb:set package 'my_robot_controller' build argument 'ament_cmake_args' from command line to 'None'
[3.124s] Level 5:colcon.colcon_core.verb:set package 'my_robot_controller' build argument 'catkin_cmake_args' from command line to 'None'
[3.124s] Level 5:colcon.colcon_core.verb:set package 'my_robot_controller' build argument 'catkin_skip_building_tests' from command line to 'False'
[3.124s] DEBUG:colcon.colcon_core.verb:Building package 'my_robot_controller' with the following arguments: {'ament_cmake_args': None, 'build_base': '/home/felipe/Documents/GitHub/entregaveis-modulo8/Ponderada2/ros2_ws/build/my_robot_controller', 'catkin_cmake_args': None, 'catkin_skip_building_tests': False, 'cmake_args': None, 'cmake_clean_cache': False, 'cmake_clean_first': False, 'cmake_force_configure': False, 'cmake_target': None, 'cmake_target_skip_unavailable': False, 'install_base': '/home/felipe/Documents/GitHub/entregaveis-modulo8/Ponderada2/ros2_ws/install/my_robot_controller', 'merge_install': False, 'path': '/home/felipe/Documents/GitHub/entregaveis-modulo8/Ponderada2/ros2_ws/src/my_robot_controller', 'symlink_install': False, 'test_result_base': None}
[3.164s] INFO:colcon.colcon_core.executor:Executing jobs using 'parallel' executor
[3.204s] DEBUG:colcon.colcon_parallel_executor.executor.parallel:run_until_complete
[3.204s] INFO:colcon.colcon_ros.task.ament_python.build:Building ROS package in '/home/felipe/Documents/GitHub/entregaveis-modulo8/Ponderada2/ros2_ws/src/my_robot_controller' with build type 'ament_python'
[3.205s] Level 1:colcon.colcon_core.shell:create_environment_hook('my_robot_controller', 'ament_prefix_path')
[3.248s] INFO:colcon.colcon_core.plugin_system:Skipping extension 'colcon_core.shell.bat': Not used on non-Windows systems
[3.248s] INFO:colcon.colcon_core.shell:Creating environment hook '/home/felipe/Documents/GitHub/entregaveis-modulo8/Ponderada2/ros2_ws/install/my_robot_controller/share/my_robot_controller/hook/ament_prefix_path.ps1'
[3.250s] INFO:colcon.colcon_core.shell:Creating environment descriptor '/home/felipe/Documents/GitHub/entregaveis-modulo8/Ponderada2/ros2_ws/install/my_robot_controller/share/my_robot_controller/hook/ament_prefix_path.dsv'
[3.264s] INFO:colcon.colcon_core.shell:Creating environment hook '/home/felipe/Documents/GitHub/entregaveis-modulo8/Ponderada2/ros2_ws/install/my_robot_controller/share/my_robot_controller/hook/ament_prefix_path.sh'
[3.305s] INFO:colcon.colcon_core.shell:Skip shell extension 'powershell' for command environment: Not usable outside of PowerShell
[3.305s] DEBUG:colcon.colcon_core.shell:Skip shell extension 'dsv' for command environment
[4.057s] INFO:colcon.colcon_core.task.python.build:Building Python package in '/home/felipe/Documents/GitHub/entregaveis-modulo8/Ponderada2/ros2_ws/src/my_robot_controller'
[4.094s] INFO:colcon.colcon_core.shell:Skip shell extension 'powershell' for command environment: Not usable outside of PowerShell
[4.094s] DEBUG:colcon.colcon_core.shell:Skip shell extension 'dsv' for command environment
[5.069s] DEBUG:colcon.colcon_core.event_handler.log_command:Invoking command in '/home/felipe/Documents/GitHub/entregaveis-modulo8/Ponderada2/ros2_ws/build/my_robot_controller': PYTHONPATH=/home/felipe/Documents/GitHub/entregaveis-modulo8/Ponderada2/ros2_ws/build/my_robot_controller/prefix_override:/home/felipe/Documents/GitHub/entregaveis-modulo8/Ponderada2/ros2_ws/install/my_robot_controller/lib/python3.10/site-packages:${PYTHONPATH} /usr/bin/python3 setup.py develop --uninstall --editable --build-directory /home/felipe/Documents/GitHub/entregaveis-modulo8/Ponderada2/ros2_ws/build/my_robot_controller/build
[6.462s] DEBUG:colcon.colcon_core.event_handler.log_command:Invoked command in '/home/felipe/Documents/GitHub/entregaveis-modulo8/Ponderada2/ros2_ws/build/my_robot_controller' returned '0': PYTHONPATH=/home/felipe/Documents/GitHub/entregaveis-modulo8/Ponderada2/ros2_ws/build/my_robot_controller/prefix_override:/home/felipe/Documents/GitHub/entregaveis-modulo8/Ponderada2/ros2_ws/install/my_robot_controller/lib/python3.10/site-packages:${PYTHONPATH} /usr/bin/python3 setup.py develop --uninstall --editable --build-directory /home/felipe/Documents/GitHub/entregaveis-modulo8/Ponderada2/ros2_ws/build/my_robot_controller/build
[6.467s] DEBUG:colcon.colcon_core.event_handler.log_command:Invoking command in '/home/felipe/Documents/GitHub/entregaveis-modulo8/Ponderada2/ros2_ws/src/my_robot_controller': PYTHONPATH=/home/felipe/Documents/GitHub/entregaveis-modulo8/Ponderada2/ros2_ws/build/my_robot_controller/prefix_override:/home/felipe/Documents/GitHub/entregaveis-modulo8/Ponderada2/ros2_ws/install/my_robot_controller/lib/python3.10/site-packages:${PYTHONPATH} /usr/bin/python3 setup.py egg_info --egg-base ../../build/my_robot_controller build --build-base /home/felipe/Documents/GitHub/entregaveis-modulo8/Ponderada2/ros2_ws/build/my_robot_controller/build install --record /home/felipe/Documents/GitHub/entregaveis-modulo8/Ponderada2/ros2_ws/build/my_robot_controller/install.log --single-version-externally-managed
[7.334s] DEBUG:colcon.colcon_core.event_handler.log_command:Invoked command in '/home/felipe/Documents/GitHub/entregaveis-modulo8/Ponderada2/ros2_ws/src/my_robot_controller' returned '0': PYTHONPATH=/home/felipe/Documents/GitHub/entregaveis-modulo8/Ponderada2/ros2_ws/build/my_robot_controller/prefix_override:/home/felipe/Documents/GitHub/entregaveis-modulo8/Ponderada2/ros2_ws/install/my_robot_controller/lib/python3.10/site-packages:${PYTHONPATH} /usr/bin/python3 setup.py egg_info --egg-base ../../build/my_robot_controller build --build-base /home/felipe/Documents/GitHub/entregaveis-modulo8/Ponderada2/ros2_ws/build/my_robot_controller/build install --record /home/felipe/Documents/GitHub/entregaveis-modulo8/Ponderada2/ros2_ws/build/my_robot_controller/install.log --single-version-externally-managed
[7.336s] Level 1:colcon.colcon_core.environment:checking '/home/felipe/Documents/GitHub/entregaveis-modulo8/Ponderada2/ros2_ws/install/my_robot_controller' for CMake module files
[7.338s] Level 1:colcon.colcon_core.environment:checking '/home/felipe/Documents/GitHub/entregaveis-modulo8/Ponderada2/ros2_ws/install/my_robot_controller' for CMake config files
[7.339s] Level 1:colcon.colcon_core.environment:checking '/home/felipe/Documents/GitHub/entregaveis-modulo8/Ponderada2/ros2_ws/install/my_robot_controller/lib'
[7.340s] Level 1:colcon.colcon_core.environment:checking '/home/felipe/Documents/GitHub/entregaveis-modulo8/Ponderada2/ros2_ws/install/my_robot_controller/bin'
[7.340s] Level 1:colcon.colcon_core.environment:checking '/home/felipe/Documents/GitHub/entregaveis-modulo8/Ponderada2/ros2_ws/install/my_robot_controller/lib/pkgconfig/my_robot_controller.pc'
[7.341s] Level 1:colcon.colcon_core.environment:checking '/home/felipe/Documents/GitHub/entregaveis-modulo8/Ponderada2/ros2_ws/install/my_robot_controller/lib/python3.10/site-packages'
[7.341s] Level 1:colcon.colcon_core.shell:create_environment_hook('my_robot_controller', 'pythonpath')
[7.380s] INFO:colcon.colcon_core.shell:Creating environment hook '/home/felipe/Documents/GitHub/entregaveis-modulo8/Ponderada2/ros2_ws/install/my_robot_controller/share/my_robot_controller/hook/pythonpath.ps1'
[7.385s] INFO:colcon.colcon_core.shell:Creating environment descriptor '/home/felipe/Documents/GitHub/entregaveis-modulo8/Ponderada2/ros2_ws/install/my_robot_controller/share/my_robot_controller/hook/pythonpath.dsv'
[7.388s] INFO:colcon.colcon_core.shell:Creating environment hook '/home/felipe/Documents/GitHub/entregaveis-modulo8/Ponderada2/ros2_ws/install/my_robot_controller/share/my_robot_controller/hook/pythonpath.sh'
[7.406s] Level 1:colcon.colcon_core.environment:checking '/home/felipe/Documents/GitHub/entregaveis-modulo8/Ponderada2/ros2_ws/install/my_robot_controller/bin'
[7.406s] Level 1:colcon.colcon_core.environment:create_environment_scripts_only(my_robot_controller)
[7.443s] INFO:colcon.colcon_core.shell:Creating package script '/home/felipe/Documents/GitHub/entregaveis-modulo8/Ponderada2/ros2_ws/install/my_robot_controller/share/my_robot_controller/package.ps1'
[7.446s] INFO:colcon.colcon_core.shell:Creating package descriptor '/home/felipe/Documents/GitHub/entregaveis-modulo8/Ponderada2/ros2_ws/install/my_robot_controller/share/my_robot_controller/package.dsv'
[7.467s] INFO:colcon.colcon_core.shell:Creating package script '/home/felipe/Documents/GitHub/entregaveis-modulo8/Ponderada2/ros2_ws/install/my_robot_controller/share/my_robot_controller/package.sh'
[7.475s] INFO:colcon.colcon_core.shell:Creating package script '/home/felipe/Documents/GitHub/entregaveis-modulo8/Ponderada2/ros2_ws/install/my_robot_controller/share/my_robot_controller/package.bash'
[7.482s] INFO:colcon.colcon_core.shell:Creating package script '/home/felipe/Documents/GitHub/entregaveis-modulo8/Ponderada2/ros2_ws/install/my_robot_controller/share/my_robot_controller/package.zsh'
[7.485s] Level 1:colcon.colcon_core.environment:create_file_with_runtime_dependencies(/home/felipe/Documents/GitHub/entregaveis-modulo8/Ponderada2/ros2_ws/install/my_robot_controller/share/colcon-core/packages/my_robot_controller)
[7.486s] DEBUG:colcon.colcon_parallel_executor.executor.parallel:closing loop
[7.487s] DEBUG:colcon.colcon_parallel_executor.executor.parallel:loop closed
[7.488s] DEBUG:colcon.colcon_parallel_executor.executor.parallel:run_until_complete finished with '0'
[7.488s] DEBUG:colcon.colcon_core.event_reactor:joining thread
[7.540s] INFO:colcon.colcon_core.plugin_system:Skipping extension 'colcon_notification.desktop_notification.terminal_notifier': Not used on non-Darwin systems
[7.540s] INFO:colcon.colcon_core.plugin_system:Skipping extension 'colcon_notification.desktop_notification.win32': Not used on non-Windows systems
[7.540s] INFO:colcon.colcon_notification.desktop_notification:Sending desktop notification using 'notify2'
[7.586s] DEBUG:colcon.colcon_core.event_reactor:joined thread
[7.622s] INFO:colcon.colcon_core.shell:Creating prefix script '/home/felipe/Documents/GitHub/entregaveis-modulo8/Ponderada2/ros2_ws/install/local_setup.ps1'
[7.704s] INFO:colcon.colcon_core.shell:Creating prefix util module '/home/felipe/Documents/GitHub/entregaveis-modulo8/Ponderada2/ros2_ws/install/_local_setup_util_ps1.py'
[7.792s] INFO:colcon.colcon_core.shell:Creating prefix chain script '/home/felipe/Documents/GitHub/entregaveis-modulo8/Ponderada2/ros2_ws/install/setup.ps1'
[7.927s] INFO:colcon.colcon_core.shell:Creating prefix script '/home/felipe/Documents/GitHub/entregaveis-modulo8/Ponderada2/ros2_ws/install/local_setup.sh'
[9.120s] INFO:colcon.colcon_core.shell:Creating prefix util module '/home/felipe/Documents/GitHub/entregaveis-modulo8/Ponderada2/ros2_ws/install/_local_setup_util_sh.py'
[9.613s] INFO:colcon.colcon_core.shell:Creating prefix chain script '/home/felipe/Documents/GitHub/entregaveis-modulo8/Ponderada2/ros2_ws/install/setup.sh'
[9.719s] INFO:colcon.colcon_core.shell:Creating prefix script '/home/felipe/Documents/GitHub/entregaveis-modulo8/Ponderada2/ros2_ws/install/local_setup.bash'
[9.824s] INFO:colcon.colcon_core.shell:Creating prefix chain script '/home/felipe/Documents/GitHub/entregaveis-modulo8/Ponderada2/ros2_ws/install/setup.bash'
[9.879s] INFO:colcon.colcon_core.shell:Creating prefix script '/home/felipe/Documents/GitHub/entregaveis-modulo8/Ponderada2/ros2_ws/install/local_setup.zsh'
[9.882s] INFO:colcon.colcon_core.shell:Creating prefix chain script '/home/felipe/Documents/GitHub/entregaveis-modulo8/Ponderada2/ros2_ws/install/setup.zsh'
